<?xml version="1.0" encoding="UTF-8"?>
<coverage generated="1665026227945" clover="3.2.0">
  <project timestamp="1665026227945" name="All files">
    <metrics statements="106" coveredstatements="106" conditionals="15" coveredconditionals="14" methods="24" coveredmethods="24" elements="145" coveredelements="144" complexity="0" loc="106" ncloc="106" packages="5" files="8" classes="8"/>
    <package name="config">
      <metrics statements="6" coveredstatements="6" conditionals="0" coveredconditionals="0" methods="0" coveredmethods="0"/>
      <file name="index.ts" path="/home/ruanpablo/projects/mareBlogBackendTest/config/index.ts">
        <metrics statements="6" coveredstatements="6" conditionals="0" coveredconditionals="0" methods="0" coveredmethods="0"/>
        <line num="1" count="6" type="stmt"/>
        <line num="2" count="6" type="stmt"/>
        <line num="20" count="6" type="stmt"/>
        <line num="30" count="6" type="stmt"/>
        <line num="33" count="6" type="stmt"/>
        <line num="45" count="6" type="stmt"/>
      </file>
    </package>
    <package name="src.api.controllers">
      <metrics statements="31" coveredstatements="31" conditionals="8" coveredconditionals="8" methods="6" coveredmethods="6"/>
      <file name="greeting.ts" path="/home/ruanpablo/projects/mareBlogBackendTest/src/api/controllers/greeting.ts">
        <metrics statements="7" coveredstatements="7" conditionals="2" coveredconditionals="2" methods="2" coveredmethods="2"/>
        <line num="2" count="3" type="stmt"/>
        <line num="4" count="3" type="stmt"/>
        <line num="5" count="2" type="cond" truecount="2" falsecount="0"/>
        <line num="6" count="2" type="stmt"/>
        <line num="9" count="3" type="stmt"/>
        <line num="10" count="1" type="stmt"/>
        <line num="11" count="1" type="stmt"/>
      </file>
      <file name="index.ts" path="/home/ruanpablo/projects/mareBlogBackendTest/src/api/controllers/index.ts">
        <metrics statements="2" coveredstatements="2" conditionals="0" coveredconditionals="0" methods="0" coveredmethods="0"/>
        <line num="1" count="3" type="stmt"/>
        <line num="2" count="3" type="stmt"/>
      </file>
      <file name="user.ts" path="/home/ruanpablo/projects/mareBlogBackendTest/src/api/controllers/user.ts">
        <metrics statements="22" coveredstatements="22" conditionals="6" coveredconditionals="6" methods="4" coveredmethods="4"/>
        <line num="3" count="3" type="stmt"/>
        <line num="4" count="3" type="stmt"/>
        <line num="5" count="3" type="stmt"/>
        <line num="8" count="3" type="stmt"/>
        <line num="9" count="3" type="stmt"/>
        <line num="10" count="3" type="stmt"/>
        <line num="11" count="3" type="stmt"/>
        <line num="12" count="2" type="cond" truecount="2" falsecount="0"/>
        <line num="13" count="1" type="stmt"/>
        <line num="16" count="1" type="stmt"/>
        <line num="18" count="1" type="stmt"/>
        <line num="21" count="1" type="stmt"/>
        <line num="25" count="3" type="stmt"/>
        <line num="26" count="4" type="stmt"/>
        <line num="28" count="4" type="stmt"/>
        <line num="30" count="4" type="cond" truecount="2" falsecount="0"/>
        <line num="31" count="2" type="cond" truecount="2" falsecount="0"/>
        <line num="32" count="1" type="stmt"/>
        <line num="34" count="1" type="stmt"/>
        <line num="37" count="2" type="stmt"/>
        <line num="41" count="1" type="stmt"/>
        <line num="42" count="1" type="stmt"/>
      </file>
    </package>
    <package name="src.api.models">
      <metrics statements="22" coveredstatements="22" conditionals="2" coveredconditionals="2" methods="7" coveredmethods="7"/>
      <file name="user.ts" path="/home/ruanpablo/projects/mareBlogBackendTest/src/api/models/user.ts">
        <metrics statements="22" coveredstatements="22" conditionals="2" coveredconditionals="2" methods="7" coveredmethods="7"/>
        <line num="1" count="5" type="stmt"/>
        <line num="2" count="5" type="stmt"/>
        <line num="4" count="5" type="stmt"/>
        <line num="17" count="5" type="stmt"/>
        <line num="34" count="5" type="stmt"/>
        <line num="35" count="18" type="cond" truecount="2" falsecount="0"/>
        <line num="36" count="17" type="stmt"/>
        <line num="39" count="17" type="stmt"/>
        <line num="42" count="17" type="stmt"/>
        <line num="43" count="17" type="stmt"/>
        <line num="52" count="5" type="stmt"/>
        <line num="54" count="1" type="stmt"/>
        <line num="56" count="1" type="stmt"/>
        <line num="57" count="1" type="stmt"/>
        <line num="58" count="1" type="stmt"/>
        <line num="62" count="5" type="stmt"/>
        <line num="63" count="5" type="stmt"/>
        <line num="64" count="5" type="stmt"/>
        <line num="65" count="5" type="stmt"/>
        <line num="68" count="5" type="stmt"/>
        <line num="77" count="5" type="stmt"/>
        <line num="79" count="5" type="stmt"/>
      </file>
    </package>
    <package name="src.api.services">
      <metrics statements="17" coveredstatements="17" conditionals="3" coveredconditionals="3" methods="6" coveredmethods="6"/>
      <file name="user.ts" path="/home/ruanpablo/projects/mareBlogBackendTest/src/api/services/user.ts">
        <metrics statements="17" coveredstatements="17" conditionals="3" coveredconditionals="3" methods="6" coveredmethods="6"/>
        <line num="2" count="4" type="stmt"/>
        <line num="3" count="4" type="stmt"/>
        <line num="8" count="4" type="stmt"/>
        <line num="9" count="4" type="stmt"/>
        <line num="10" count="4" type="cond" truecount="1" falsecount="0"/>
        <line num="11" count="2" type="stmt"/>
        <line num="12" count="2" type="stmt"/>
        <line num="14" count="2" type="stmt"/>
        <line num="19" count="7" type="stmt"/>
        <line num="20" count="7" type="stmt"/>
        <line num="21" count="7" type="stmt"/>
        <line num="23" count="4" type="stmt"/>
        <line num="26" count="3" type="cond" truecount="2" falsecount="0"/>
        <line num="27" count="2" type="stmt"/>
        <line num="32" count="1" type="stmt"/>
        <line num="33" count="1" type="stmt"/>
        <line num="39" count="4" type="stmt"/>
      </file>
    </package>
    <package name="src.utils">
      <metrics statements="30" coveredstatements="30" conditionals="2" coveredconditionals="1" methods="5" coveredmethods="5"/>
      <file name="express.ts" path="/home/ruanpablo/projects/mareBlogBackendTest/src/utils/express.ts">
        <metrics statements="4" coveredstatements="4" conditionals="2" coveredconditionals="1" methods="1" coveredmethods="1"/>
        <line num="4" count="3" type="stmt"/>
        <line num="10" count="9" type="cond" truecount="1" falsecount="1"/>
        <line num="11" count="9" type="stmt"/>
        <line num="12" count="9" type="stmt"/>
      </file>
      <file name="server.ts" path="/home/ruanpablo/projects/mareBlogBackendTest/src/utils/server.ts">
        <metrics statements="26" coveredstatements="26" conditionals="0" coveredconditionals="0" methods="4" coveredmethods="4"/>
        <line num="1" count="3" type="stmt"/>
        <line num="3" count="3" type="stmt"/>
        <line num="4" count="3" type="stmt"/>
        <line num="5" count="3" type="stmt"/>
        <line num="6" count="3" type="stmt"/>
        <line num="7" count="3" type="stmt"/>
        <line num="9" count="3" type="stmt"/>
        <line num="10" count="3" type="stmt"/>
        <line num="11" count="3" type="stmt"/>
        <line num="12" count="3" type="stmt"/>
        <line num="14" count="3" type="stmt"/>
        <line num="15" count="3" type="stmt"/>
        <line num="16" count="3" type="stmt"/>
        <line num="17" count="3" type="stmt"/>
        <line num="18" count="3" type="stmt"/>
        <line num="20" count="3" type="stmt"/>
        <line num="21" count="3" type="stmt"/>
        <line num="35" count="3" type="stmt"/>
        <line num="41" count="3" type="stmt"/>
        <line num="42" count="3" type="stmt"/>
        <line num="43" count="3" type="stmt"/>
        <line num="52" count="3" type="stmt"/>
        <line num="54" count="9" type="stmt"/>
        <line num="55" count="12" type="stmt"/>
        <line num="62" count="3" type="stmt"/>
        <line num="63" count="3" type="stmt"/>
      </file>
    </package>
  </project>
</coverage>
