{"/home/ruanpablo/projects/mareBlogBackendTest/config/index.ts": {"path":"/home/ruanpablo/projects/mareBlogBackendTest/config/index.ts","statementMap":{"0":{"start":{"line":1,"column":0},"end":{"line":1,"column":45}},"1":{"start":{"line":2,"column":0},"end":{"line":2,"column":58}},"2":{"start":{"line":20,"column":12},"end":{"line":28,"column":2}},"3":{"start":{"line":30,"column":18},"end":{"line":30,"column":43}},"4":{"start":{"line":33,"column":23},"end":{"line":43,"column":null}},"5":{"start":{"line":45,"column":0},"end":{"line":45,"column":null}}},"fnMap":{},"branchMap":{},"s":{"0":1,"1":1,"2":1,"3":1,"4":1,"5":1},"f":{},"b":{}}
,"/home/ruanpablo/projects/mareBlogBackendTest/src/api/models/user.ts": {"path":"/home/ruanpablo/projects/mareBlogBackendTest/src/api/models/user.ts","statementMap":{"0":{"start":{"line":1,"column":0},"end":{"line":1,"column":28}},"1":{"start":{"line":2,"column":0},"end":{"line":2,"column":58}},"2":{"start":{"line":4,"column":0},"end":{"line":4,"column":34}},"3":{"start":{"line":17,"column":19},"end":{"line":32,"column":6}},"4":{"start":{"line":34,"column":0},"end":{"line":50,"column":null}},"5":{"start":{"line":35,"column":4},"end":{"line":49,"column":null}},"6":{"start":{"line":36,"column":8},"end":{"line":45,"column":null}},"7":{"start":{"line":39,"column":12},"end":{"line":44,"column":null}},"8":{"start":{"line":42,"column":16},"end":{"line":42,"column":null}},"9":{"start":{"line":43,"column":16},"end":{"line":43,"column":null}},"10":{"start":{"line":52,"column":0},"end":{"line":60,"column":null}},"11":{"start":{"line":54,"column":8},"end":{"line":54,"column":null}},"12":{"start":{"line":56,"column":8},"end":{"line":56,"column":null}},"13":{"start":{"line":57,"column":8},"end":{"line":57,"column":null}},"14":{"start":{"line":58,"column":8},"end":{"line":58,"column":null}},"15":{"start":{"line":62,"column":0},"end":{"line":71,"column":null}},"16":{"start":{"line":63,"column":25},"end":{"line":63,"column":29}},"17":{"start":{"line":64,"column":4},"end":{"line":70,"column":null}},"18":{"start":{"line":65,"column":8},"end":{"line":69,"column":null}},"19":{"start":{"line":68,"column":12},"end":{"line":68,"column":null}},"20":{"start":{"line":77,"column":13},"end":{"line":77,"column":null}},"21":{"start":{"line":79,"column":0},"end":{"line":79,"column":null}}},"fnMap":{"0":{"name":"(anonymous_1)","decl":{"start":{"line":34,"column":38},"end":{"line":34,"column":47}},"loc":{"start":{"line":34,"column":51},"end":{"line":50,"column":1}}},"1":{"name":"(anonymous_2)","decl":{"start":{"line":36,"column":27},"end":{"line":36,"column":28}},"loc":{"start":{"line":36,"column":41},"end":{"line":45,"column":9}}},"2":{"name":"(anonymous_3)","decl":{"start":{"line":39,"column":45},"end":{"line":39,"column":46}},"loc":{"start":{"line":39,"column":59},"end":{"line":44,"column":13}}},"3":{"name":"(anonymous_4)","decl":{"start":{"line":53,"column":15},"end":{"line":53,"column":24}},"loc":{"start":{"line":53,"column":41},"end":{"line":59,"column":5}}},"4":{"name":"(anonymous_5)","decl":{"start":{"line":62,"column":37},"end":{"line":62,"column":46}},"loc":{"start":{"line":62,"column":71},"end":{"line":71,"column":1}}},"5":{"name":"(anonymous_6)","decl":{"start":{"line":64,"column":23},"end":{"line":64,"column":32}},"loc":{"start":{"line":64,"column":47},"end":{"line":70,"column":5}}},"6":{"name":"(anonymous_7)","decl":{"start":{"line":65,"column":52},"end":{"line":65,"column":61}},"loc":{"start":{"line":65,"column":73},"end":{"line":69,"column":9}}}},"branchMap":{"0":{"loc":{"start":{"line":35,"column":4},"end":{"line":49,"column":null}},"type":"if","locations":[{"start":{"line":35,"column":4},"end":{"line":49,"column":null}},{"start":{"line":46,"column":11},"end":{"line":49,"column":null}}]}},"s":{"0":1,"1":1,"2":1,"3":1,"4":1,"5":13,"6":12,"7":12,"8":12,"9":12,"10":1,"11":2,"12":2,"13":2,"14":2,"15":1,"16":5,"17":5,"18":5,"19":5,"20":1,"21":1},"f":{"0":13,"1":12,"2":12,"3":2,"4":5,"5":5,"6":5},"b":{"0":[12,1]}}
}
