{"/home/ruanpablo/projects/mareBlogBackendTest/config/index.ts": {"path":"/home/ruanpablo/projects/mareBlogBackendTest/config/index.ts","statementMap":{"0":{"start":{"line":1,"column":0},"end":{"line":1,"column":45}},"1":{"start":{"line":2,"column":0},"end":{"line":2,"column":58}},"2":{"start":{"line":20,"column":12},"end":{"line":28,"column":2}},"3":{"start":{"line":30,"column":18},"end":{"line":30,"column":43}},"4":{"start":{"line":33,"column":23},"end":{"line":43,"column":null}},"5":{"start":{"line":45,"column":0},"end":{"line":45,"column":null}}},"fnMap":{},"branchMap":{},"s":{"0":6,"1":6,"2":6,"3":6,"4":6,"5":6},"f":{},"b":{}}
,"/home/ruanpablo/projects/mareBlogBackendTest/src/api/controllers/greeting.ts": {"path":"/home/ruanpablo/projects/mareBlogBackendTest/src/api/controllers/greeting.ts","statementMap":{"0":{"start":{"line":2,"column":0},"end":{"line":2,"column":56}},"1":{"start":{"line":5,"column":17},"end":{"line":5,"column":45}},"2":{"start":{"line":6,"column":4},"end":{"line":6,"column":null}},"3":{"start":{"line":4,"column":0},"end":{"line":4,"column":16}},"4":{"start":{"line":10,"column":23},"end":{"line":10,"column":38}},"5":{"start":{"line":11,"column":4},"end":{"line":11,"column":null}},"6":{"start":{"line":9,"column":0},"end":{"line":9,"column":16}}},"fnMap":{"0":{"name":"hello","decl":{"start":{"line":4,"column":16},"end":{"line":4,"column":21}},"loc":{"start":{"line":4,"column":49},"end":{"line":7,"column":1}}},"1":{"name":"goodbye","decl":{"start":{"line":9,"column":16},"end":{"line":9,"column":23}},"loc":{"start":{"line":9,"column":51},"end":{"line":12,"column":1}}}},"branchMap":{"0":{"loc":{"start":{"line":5,"column":17},"end":{"line":5,"column":45}},"type":"binary-expr","locations":[{"start":{"line":5,"column":17},"end":{"line":5,"column":31}},{"start":{"line":5,"column":35},"end":{"line":5,"column":45}}]}},"s":{"0":3,"1":2,"2":2,"3":3,"4":1,"5":1,"6":3},"f":{"0":2,"1":1},"b":{"0":[2,1]}}
,"/home/ruanpablo/projects/mareBlogBackendTest/src/api/controllers/index.ts": {"path":"/home/ruanpablo/projects/mareBlogBackendTest/src/api/controllers/index.ts","statementMap":{"0":{"start":{"line":1,"column":0},"end":{"line":1,"column":27}},"1":{"start":{"line":2,"column":0},"end":{"line":2,"column":23}}},"fnMap":{},"branchMap":{},"s":{"0":3,"1":3},"f":{},"b":{}}
,"/home/ruanpablo/projects/mareBlogBackendTest/src/api/controllers/user.ts": {"path":"/home/ruanpablo/projects/mareBlogBackendTest/src/api/controllers/user.ts","statementMap":{"0":{"start":{"line":3,"column":0},"end":{"line":3,"column":43}},"1":{"start":{"line":4,"column":0},"end":{"line":4,"column":56}},"2":{"start":{"line":5,"column":0},"end":{"line":5,"column":40}},"3":{"start":{"line":9,"column":18},"end":{"line":9,"column":44}},"4":{"start":{"line":10,"column":4},"end":{"line":22,"column":null}},"5":{"start":{"line":11,"column":29},"end":{"line":11,"column":58}},"6":{"start":{"line":12,"column":8},"end":{"line":19,"column":null}},"7":{"start":{"line":13,"column":12},"end":{"line":15,"column":null}},"8":{"start":{"line":16,"column":12},"end":{"line":16,"column":null}},"9":{"start":{"line":18,"column":12},"end":{"line":18,"column":null}},"10":{"start":{"line":21,"column":8},"end":{"line":21,"column":null}},"11":{"start":{"line":8,"column":0},"end":{"line":8,"column":22}},"12":{"start":{"line":26,"column":38},"end":{"line":26,"column":46}},"13":{"start":{"line":28,"column":4},"end":{"line":48,"column":null}},"14":{"start":{"line":30,"column":12},"end":{"line":38,"column":null}},"15":{"start":{"line":31,"column":16},"end":{"line":35,"column":null}},"16":{"start":{"line":32,"column":20},"end":{"line":32,"column":null}},"17":{"start":{"line":34,"column":20},"end":{"line":34,"column":null}},"18":{"start":{"line":37,"column":16},"end":{"line":37,"column":null}},"19":{"start":{"line":41,"column":12},"end":{"line":41,"column":null}},"20":{"start":{"line":42,"column":12},"end":{"line":47,"column":null}},"21":{"start":{"line":25,"column":0},"end":{"line":25,"column":22}}},"fnMap":{"0":{"name":"auth","decl":{"start":{"line":8,"column":22},"end":{"line":8,"column":26}},"loc":{"start":{"line":8,"column":74},"end":{"line":23,"column":null}}},"1":{"name":"createUser","decl":{"start":{"line":25,"column":22},"end":{"line":25,"column":32}},"loc":{"start":{"line":25,"column":60},"end":{"line":49,"column":null}}},"2":{"name":"(anonymous_12)","decl":{"start":{"line":29,"column":14},"end":{"line":29,"column":18}},"loc":{"start":{"line":29,"column":21},"end":{"line":39,"column":9}}},"3":{"name":"(anonymous_13)","decl":{"start":{"line":40,"column":15},"end":{"line":40,"column":16}},"loc":{"start":{"line":40,"column":28},"end":{"line":48,"column":9}}}},"branchMap":{"0":{"loc":{"start":{"line":12,"column":8},"end":{"line":19,"column":null}},"type":"if","locations":[{"start":{"line":12,"column":8},"end":{"line":19,"column":null}},{"start":{"line":17,"column":15},"end":{"line":19,"column":null}}]},"1":{"loc":{"start":{"line":30,"column":12},"end":{"line":38,"column":null}},"type":"if","locations":[{"start":{"line":30,"column":12},"end":{"line":38,"column":null}},{"start":{"line":36,"column":19},"end":{"line":38,"column":null}}]},"2":{"loc":{"start":{"line":31,"column":16},"end":{"line":35,"column":null}},"type":"if","locations":[{"start":{"line":31,"column":16},"end":{"line":35,"column":null}},{"start":{"line":33,"column":23},"end":{"line":35,"column":null}}]}},"s":{"0":3,"1":3,"2":3,"3":3,"4":3,"5":3,"6":2,"7":1,"8":1,"9":1,"10":1,"11":3,"12":4,"13":4,"14":4,"15":2,"16":1,"17":1,"18":2,"19":1,"20":1,"21":3},"f":{"0":3,"1":4,"2":4,"3":1},"b":{"0":[1,1],"1":[2,2],"2":[1,1]}}
,"/home/ruanpablo/projects/mareBlogBackendTest/src/api/models/user.ts": {"path":"/home/ruanpablo/projects/mareBlogBackendTest/src/api/models/user.ts","statementMap":{"0":{"start":{"line":1,"column":0},"end":{"line":1,"column":28}},"1":{"start":{"line":2,"column":0},"end":{"line":2,"column":58}},"2":{"start":{"line":4,"column":0},"end":{"line":4,"column":34}},"3":{"start":{"line":17,"column":19},"end":{"line":32,"column":6}},"4":{"start":{"line":34,"column":0},"end":{"line":50,"column":null}},"5":{"start":{"line":35,"column":4},"end":{"line":49,"column":null}},"6":{"start":{"line":36,"column":8},"end":{"line":45,"column":null}},"7":{"start":{"line":39,"column":12},"end":{"line":44,"column":null}},"8":{"start":{"line":42,"column":16},"end":{"line":42,"column":null}},"9":{"start":{"line":43,"column":16},"end":{"line":43,"column":null}},"10":{"start":{"line":52,"column":0},"end":{"line":60,"column":null}},"11":{"start":{"line":54,"column":8},"end":{"line":54,"column":null}},"12":{"start":{"line":56,"column":8},"end":{"line":56,"column":null}},"13":{"start":{"line":57,"column":8},"end":{"line":57,"column":null}},"14":{"start":{"line":58,"column":8},"end":{"line":58,"column":null}},"15":{"start":{"line":62,"column":0},"end":{"line":71,"column":null}},"16":{"start":{"line":63,"column":25},"end":{"line":63,"column":29}},"17":{"start":{"line":64,"column":4},"end":{"line":70,"column":null}},"18":{"start":{"line":65,"column":8},"end":{"line":69,"column":null}},"19":{"start":{"line":68,"column":12},"end":{"line":68,"column":null}},"20":{"start":{"line":77,"column":13},"end":{"line":77,"column":null}},"21":{"start":{"line":79,"column":0},"end":{"line":79,"column":null}}},"fnMap":{"0":{"name":"(anonymous_1)","decl":{"start":{"line":34,"column":38},"end":{"line":34,"column":47}},"loc":{"start":{"line":34,"column":51},"end":{"line":50,"column":1}}},"1":{"name":"(anonymous_2)","decl":{"start":{"line":36,"column":27},"end":{"line":36,"column":28}},"loc":{"start":{"line":36,"column":41},"end":{"line":45,"column":9}}},"2":{"name":"(anonymous_3)","decl":{"start":{"line":39,"column":45},"end":{"line":39,"column":46}},"loc":{"start":{"line":39,"column":59},"end":{"line":44,"column":13}}},"3":{"name":"(anonymous_4)","decl":{"start":{"line":53,"column":15},"end":{"line":53,"column":24}},"loc":{"start":{"line":53,"column":41},"end":{"line":59,"column":5}}},"4":{"name":"(anonymous_5)","decl":{"start":{"line":62,"column":37},"end":{"line":62,"column":46}},"loc":{"start":{"line":62,"column":71},"end":{"line":71,"column":1}}},"5":{"name":"(anonymous_6)","decl":{"start":{"line":64,"column":23},"end":{"line":64,"column":32}},"loc":{"start":{"line":64,"column":47},"end":{"line":70,"column":5}}},"6":{"name":"(anonymous_7)","decl":{"start":{"line":65,"column":52},"end":{"line":65,"column":61}},"loc":{"start":{"line":65,"column":73},"end":{"line":69,"column":9}}}},"branchMap":{"0":{"loc":{"start":{"line":35,"column":4},"end":{"line":49,"column":null}},"type":"if","locations":[{"start":{"line":35,"column":4},"end":{"line":49,"column":null}},{"start":{"line":46,"column":11},"end":{"line":49,"column":null}}]}},"s":{"0":5,"1":5,"2":5,"3":5,"4":5,"5":18,"6":17,"7":17,"8":17,"9":17,"10":5,"11":1,"12":1,"13":1,"14":1,"15":5,"16":5,"17":5,"18":5,"19":5,"20":5,"21":5},"f":{"0":18,"1":17,"2":17,"3":1,"4":5,"5":5,"6":5},"b":{"0":[17,1]}}
,"/home/ruanpablo/projects/mareBlogBackendTest/src/api/services/user.ts": {"path":"/home/ruanpablo/projects/mareBlogBackendTest/src/api/services/user.ts","statementMap":{"0":{"start":{"line":2,"column":0},"end":{"line":2,"column":34}},"1":{"start":{"line":3,"column":0},"end":{"line":3,"column":40}},"2":{"start":{"line":8,"column":4},"end":{"line":15,"column":null}},"3":{"start":{"line":9,"column":22},"end":{"line":9,"column":57}},"4":{"start":{"line":10,"column":8},"end":{"line":13,"column":null}},"5":{"start":{"line":11,"column":12},"end":{"line":11,"column":null}},"6":{"start":{"line":12,"column":12},"end":{"line":12,"column":18}},"7":{"start":{"line":14,"column":8},"end":{"line":14,"column":null}},"8":{"start":{"line":19,"column":4},"end":{"line":36,"column":null}},"9":{"start":{"line":20,"column":21},"end":{"line":20,"column":56}},"10":{"start":{"line":21,"column":8},"end":{"line":35,"column":null}},"11":{"start":{"line":23,"column":16},"end":{"line":23,"column":null}},"12":{"start":{"line":26,"column":16},"end":{"line":34,"column":null}},"13":{"start":{"line":27,"column":20},"end":{"line":30,"column":null}},"14":{"start":{"line":32,"column":20},"end":{"line":32,"column":null}},"15":{"start":{"line":33,"column":20},"end":{"line":33,"column":null}},"16":{"start":{"line":39,"column":0},"end":{"line":39,"column":null}}},"fnMap":{"0":{"name":"auth","decl":{"start":{"line":7,"column":9},"end":{"line":7,"column":13}},"loc":{"start":{"line":7,"column":33},"end":{"line":16,"column":1}}},"1":{"name":"(anonymous_2)","decl":{"start":{"line":8,"column":23},"end":{"line":8,"column":32}},"loc":{"start":{"line":8,"column":47},"end":{"line":15,"column":5}}},"2":{"name":"createUser","decl":{"start":{"line":18,"column":9},"end":{"line":18,"column":19}},"loc":{"start":{"line":18,"column":65},"end":{"line":37,"column":1}}},"3":{"name":"(anonymous_4)","decl":{"start":{"line":19,"column":23},"end":{"line":19,"column":24}},"loc":{"start":{"line":19,"column":43},"end":{"line":36,"column":5}}},"4":{"name":"(anonymous_5)","decl":{"start":{"line":22,"column":18},"end":{"line":22,"column":19}},"loc":{"start":{"line":22,"column":22},"end":{"line":24,"column":13}}},"5":{"name":"(anonymous_6)","decl":{"start":{"line":25,"column":19},"end":{"line":25,"column":22}},"loc":{"start":{"line":25,"column":25},"end":{"line":35,"column":13}}}},"branchMap":{"0":{"loc":{"start":{"line":10,"column":8},"end":{"line":13,"column":null}},"type":"if","locations":[{"start":{"line":10,"column":8},"end":{"line":13,"column":null}}]},"1":{"loc":{"start":{"line":26,"column":16},"end":{"line":34,"column":null}},"type":"if","locations":[{"start":{"line":26,"column":16},"end":{"line":34,"column":null}},{"start":{"line":31,"column":23},"end":{"line":34,"column":null}}]}},"s":{"0":4,"1":4,"2":4,"3":4,"4":4,"5":2,"6":2,"7":2,"8":7,"9":7,"10":7,"11":4,"12":3,"13":2,"14":1,"15":1,"16":4},"f":{"0":4,"1":4,"2":7,"3":7,"4":4,"5":3},"b":{"0":[2],"1":[2,1]}}
,"/home/ruanpablo/projects/mareBlogBackendTest/src/utils/express.ts": {"path":"/home/ruanpablo/projects/mareBlogBackendTest/src/utils/express.ts","statementMap":{"0":{"start":{"line":10,"column":17},"end":{"line":10,"column":89}},"1":{"start":{"line":11,"column":4},"end":{"line":11,"column":null}},"2":{"start":{"line":12,"column":4},"end":{"line":12,"column":null}},"3":{"start":{"line":4,"column":0},"end":{"line":4,"column":16}}},"fnMap":{"0":{"name":"writeJsonResponse","decl":{"start":{"line":4,"column":16},"end":{"line":4,"column":33}},"loc":{"start":{"line":8,"column":45},"end":{"line":13,"column":1}}}},"branchMap":{"0":{"loc":{"start":{"line":10,"column":17},"end":{"line":10,"column":89}},"type":"cond-expr","locations":[{"start":{"line":10,"column":47},"end":{"line":10,"column":79}},{"start":{"line":10,"column":82},"end":{"line":10,"column":89}}]}},"s":{"0":9,"1":9,"2":9,"3":3},"f":{"0":9},"b":{"0":[9,0]}}
,"/home/ruanpablo/projects/mareBlogBackendTest/src/utils/server.ts": {"path":"/home/ruanpablo/projects/mareBlogBackendTest/src/utils/server.ts","statementMap":{"0":{"start":{"line":1,"column":0},"end":{"line":1,"column":30}},"1":{"start":{"line":3,"column":0},"end":{"line":3,"column":28}},"2":{"start":{"line":4,"column":0},"end":{"line":4,"column":37}},"3":{"start":{"line":5,"column":0},"end":{"line":5,"column":62}},"4":{"start":{"line":6,"column":0},"end":{"line":6,"column":62}},"5":{"start":{"line":7,"column":0},"end":{"line":7,"column":26}},"6":{"start":{"line":9,"column":0},"end":{"line":9,"column":42}},"7":{"start":{"line":10,"column":0},"end":{"line":10,"column":56}},"8":{"start":{"line":11,"column":0},"end":{"line":11,"column":40}},"9":{"start":{"line":12,"column":0},"end":{"line":12,"column":30}},"10":{"start":{"line":15,"column":25},"end":{"line":15,"column":47}},"11":{"start":{"line":16,"column":26},"end":{"line":16,"column":49}},"12":{"start":{"line":17,"column":23},"end":{"line":17,"column":47}},"13":{"start":{"line":18,"column":4},"end":{"line":18,"column":28}},"14":{"start":{"line":20,"column":19},"end":{"line":20,"column":28}},"15":{"start":{"line":21,"column":4},"end":{"line":21,"column":31}},"16":{"start":{"line":35,"column":29},"end":{"line":39,"column":6}},"17":{"start":{"line":41,"column":4},"end":{"line":41,"column":null}},"18":{"start":{"line":42,"column":4},"end":{"line":50,"column":7}},"19":{"start":{"line":43,"column":8},"end":{"line":49,"column":null}},"20":{"start":{"line":52,"column":20},"end":{"line":60,"column":6}},"21":{"start":{"line":54,"column":12},"end":{"line":54,"column":null}},"22":{"start":{"line":55,"column":12},"end":{"line":55,"column":90}},"23":{"start":{"line":55,"column":68},"end":{"line":55,"column":74}},"24":{"start":{"line":62,"column":4},"end":{"line":62,"column":20}},"25":{"start":{"line":63,"column":4},"end":{"line":63,"column":null}},"26":{"start":{"line":14,"column":0},"end":{"line":14,"column":22}}},"fnMap":{"0":{"name":"createServer","decl":{"start":{"line":14,"column":22},"end":{"line":14,"column":34}},"loc":{"start":{"line":14,"column":34},"end":{"line":64,"column":2}}},"1":{"name":"(anonymous_16)","decl":{"start":{"line":42,"column":15},"end":{"line":42,"column":16}},"loc":{"start":{"line":42,"column":77},"end":{"line":50,"column":5}}},"2":{"name":"(anonymous_17)","decl":{"start":{"line":53,"column":23},"end":{"line":53,"column":24}},"loc":{"start":{"line":53,"column":61},"end":{"line":56,"column":9}}},"3":{"name":"(anonymous_18)","decl":{"start":{"line":55,"column":56},"end":{"line":55,"column":57}},"loc":{"start":{"line":55,"column":68},"end":{"line":55,"column":74}}}},"branchMap":{},"s":{"0":3,"1":3,"2":3,"3":3,"4":3,"5":3,"6":3,"7":3,"8":3,"9":3,"10":3,"11":3,"12":3,"13":3,"14":3,"15":3,"16":3,"17":3,"18":3,"19":3,"20":3,"21":9,"22":9,"23":12,"24":3,"25":3,"26":3},"f":{"0":3,"1":3,"2":9,"3":12},"b":{}}
}
