TN:
SF:config/index.ts
FNF:0
FNH:0
DA:1,1
DA:2,1
DA:20,1
DA:30,1
DA:33,1
DA:45,1
LF:6
LH:6
BRF:0
BRH:0
end_of_record
TN:
SF:src/api/models/user.ts
FN:34,(anonymous_1)
FN:36,(anonymous_2)
FN:39,(anonymous_3)
FN:53,(anonymous_4)
FN:62,(anonymous_5)
FN:64,(anonymous_6)
FN:65,(anonymous_7)
FNF:7
FNH:7
FNDA:13,(anonymous_1)
FNDA:12,(anonymous_2)
FNDA:12,(anonymous_3)
FNDA:2,(anonymous_4)
FNDA:5,(anonymous_5)
FNDA:5,(anonymous_6)
FNDA:5,(anonymous_7)
DA:1,1
DA:2,1
DA:4,1
DA:17,1
DA:34,1
DA:35,13
DA:36,12
DA:39,12
DA:42,12
DA:43,12
DA:52,1
DA:54,2
DA:56,2
DA:57,2
DA:58,2
DA:62,1
DA:63,5
DA:64,5
DA:65,5
DA:68,5
DA:77,1
DA:79,1
LF:22
LH:22
BRDA:35,0,0,12
BRDA:35,0,1,1
BRF:2
BRH:2
end_of_record
