TN:
SF:config/index.ts
FNF:0
FNH:0
DA:1,6
DA:2,6
DA:20,6
DA:30,6
DA:33,6
DA:45,6
LF:6
LH:6
BRF:0
BRH:0
end_of_record
TN:
SF:src/api/controllers/greeting.ts
FN:4,hello
FN:9,goodbye
FNF:2
FNH:2
FNDA:2,hello
FNDA:1,goodbye
DA:2,3
DA:4,3
DA:5,2
DA:6,2
DA:9,3
DA:10,1
DA:11,1
LF:7
LH:7
BRDA:5,0,0,2
BRDA:5,0,1,1
BRF:2
BRH:2
end_of_record
TN:
SF:src/api/controllers/index.ts
FNF:0
FNH:0
DA:1,3
DA:2,3
LF:2
LH:2
BRF:0
BRH:0
end_of_record
TN:
SF:src/api/controllers/user.ts
FN:8,auth
FN:25,createUser
FN:29,(anonymous_12)
FN:40,(anonymous_13)
FNF:4
FNH:4
FNDA:3,auth
FNDA:4,createUser
FNDA:4,(anonymous_12)
FNDA:1,(anonymous_13)
DA:3,3
DA:4,3
DA:5,3
DA:8,3
DA:9,3
DA:10,3
DA:11,3
DA:12,2
DA:13,1
DA:16,1
DA:18,1
DA:21,1
DA:25,3
DA:26,4
DA:28,4
DA:30,4
DA:31,2
DA:32,1
DA:34,1
DA:37,2
DA:41,1
DA:42,1
LF:22
LH:22
BRDA:12,0,0,1
BRDA:12,0,1,1
BRDA:30,1,0,2
BRDA:30,1,1,2
BRDA:31,2,0,1
BRDA:31,2,1,1
BRF:6
BRH:6
end_of_record
TN:
SF:src/api/models/user.ts
FN:34,(anonymous_1)
FN:36,(anonymous_2)
FN:39,(anonymous_3)
FN:53,(anonymous_4)
FN:62,(anonymous_5)
FN:64,(anonymous_6)
FN:65,(anonymous_7)
FNF:7
FNH:7
FNDA:18,(anonymous_1)
FNDA:17,(anonymous_2)
FNDA:17,(anonymous_3)
FNDA:1,(anonymous_4)
FNDA:5,(anonymous_5)
FNDA:5,(anonymous_6)
FNDA:5,(anonymous_7)
DA:1,5
DA:2,5
DA:4,5
DA:17,5
DA:34,5
DA:35,18
DA:36,17
DA:39,17
DA:42,17
DA:43,17
DA:52,5
DA:54,1
DA:56,1
DA:57,1
DA:58,1
DA:62,5
DA:63,5
DA:64,5
DA:65,5
DA:68,5
DA:77,5
DA:79,5
LF:22
LH:22
BRDA:35,0,0,17
BRDA:35,0,1,1
BRF:2
BRH:2
end_of_record
TN:
SF:src/api/services/user.ts
FN:7,auth
FN:8,(anonymous_2)
FN:18,createUser
FN:19,(anonymous_4)
FN:22,(anonymous_5)
FN:25,(anonymous_6)
FNF:6
FNH:6
FNDA:4,auth
FNDA:4,(anonymous_2)
FNDA:7,createUser
FNDA:7,(anonymous_4)
FNDA:4,(anonymous_5)
FNDA:3,(anonymous_6)
DA:2,4
DA:3,4
DA:8,4
DA:9,4
DA:10,4
DA:11,2
DA:12,2
DA:14,2
DA:19,7
DA:20,7
DA:21,7
DA:23,4
DA:26,3
DA:27,2
DA:32,1
DA:33,1
DA:39,4
LF:17
LH:17
BRDA:10,0,0,2
BRDA:26,1,0,2
BRDA:26,1,1,1
BRF:3
BRH:3
end_of_record
TN:
SF:src/utils/express.ts
FN:4,writeJsonResponse
FNF:1
FNH:1
FNDA:9,writeJsonResponse
DA:4,3
DA:10,9
DA:11,9
DA:12,9
LF:4
LH:4
BRDA:10,0,0,9
BRDA:10,0,1,0
BRF:2
BRH:1
end_of_record
TN:
SF:src/utils/server.ts
FN:14,createServer
FN:42,(anonymous_16)
FN:53,(anonymous_17)
FN:55,(anonymous_18)
FNF:4
FNH:4
FNDA:3,createServer
FNDA:3,(anonymous_16)
FNDA:9,(anonymous_17)
FNDA:12,(anonymous_18)
DA:1,3
DA:3,3
DA:4,3
DA:5,3
DA:6,3
DA:7,3
DA:9,3
DA:10,3
DA:11,3
DA:12,3
DA:14,3
DA:15,3
DA:16,3
DA:17,3
DA:18,3
DA:20,3
DA:21,3
DA:35,3
DA:41,3
DA:42,3
DA:43,3
DA:52,3
DA:54,9
DA:55,12
DA:62,3
DA:63,3
LF:26
LH:26
BRF:0
BRH:0
end_of_record
